TN:
SF:src/app.ts
FNF:0
FNH:0
DA:1,0
DA:2,0
DA:3,0
DA:4,0
DA:5,0
DA:6,0
DA:7,0
DA:9,0
DA:11,0
DA:13,0
DA:14,0
DA:15,0
DA:17,0
DA:18,0
DA:20,0
DA:22,0
DA:24,0
LF:17
LH:0
BRF:0
BRH:0
end_of_record
TN:
SF:src/api/controllers/account.controller.ts
FN:5,(anonymous_0)
FN:7,(anonymous_1)
FN:14,(anonymous_2)
FN:22,(anonymous_3)
FN:29,(anonymous_4)
FN:40,(anonymous_5)
FN:47,(anonymous_6)
FN:54,(anonymous_7)
FN:61,(anonymous_8)
FN:72,(anonymous_9)
FN:82,(anonymous_10)
FN:92,(anonymous_11)
FNF:12
FNH:0
FNDA:0,(anonymous_0)
FNDA:0,(anonymous_1)
FNDA:0,(anonymous_2)
FNDA:0,(anonymous_3)
FNDA:0,(anonymous_4)
FNDA:0,(anonymous_5)
FNDA:0,(anonymous_6)
FNDA:0,(anonymous_7)
FNDA:0,(anonymous_8)
FNDA:0,(anonymous_9)
FNDA:0,(anonymous_10)
FNDA:0,(anonymous_11)
DA:4,0
DA:5,0
DA:7,0
DA:8,0
DA:9,0
DA:10,0
DA:11,0
DA:14,0
DA:15,0
DA:16,0
DA:17,0
DA:18,0
DA:19,0
DA:22,0
DA:23,0
DA:24,0
DA:25,0
DA:26,0
DA:29,0
DA:30,0
DA:31,0
DA:36,0
DA:37,0
DA:40,0
DA:41,0
DA:42,0
DA:43,0
DA:44,0
DA:47,0
DA:48,0
DA:49,0
DA:50,0
DA:51,0
DA:54,0
DA:55,0
DA:56,0
DA:57,0
DA:58,0
DA:61,0
DA:62,0
DA:63,0
DA:68,0
DA:69,0
DA:72,0
DA:73,0
DA:74,0
DA:78,0
DA:79,0
DA:82,0
DA:83,0
DA:84,0
DA:88,0
DA:89,0
DA:92,0
DA:93,0
DA:94,0
DA:101,0
DA:102,0
DA:103,0
LF:59
LH:0
BRDA:16,0,0,0
BRDA:16,0,1,0
BRDA:66,1,0,0
BRDA:66,1,1,0
BRDA:95,2,0,0
BRDA:95,2,1,0
BRDA:98,3,0,0
BRDA:98,3,1,0
BRDA:99,4,0,0
BRDA:99,4,1,0
BRF:10
BRH:0
end_of_record
TN:
SF:src/api/controllers/admin.controller.ts
FN:5,(anonymous_0)
FN:7,(anonymous_1)
FN:14,(anonymous_2)
FN:21,(anonymous_3)
FN:32,(anonymous_4)
FNF:5
FNH:0
FNDA:0,(anonymous_0)
FNDA:0,(anonymous_1)
FNDA:0,(anonymous_2)
FNDA:0,(anonymous_3)
FNDA:0,(anonymous_4)
DA:4,0
DA:5,0
DA:7,0
DA:8,0
DA:9,0
DA:10,0
DA:11,0
DA:14,0
DA:15,0
DA:16,0
DA:17,0
DA:18,0
DA:21,0
DA:22,0
DA:23,0
DA:28,0
DA:29,0
DA:32,0
DA:33,0
DA:34,0
DA:40,0
DA:41,0
LF:22
LH:0
BRDA:24,0,0,0
BRDA:24,0,1,0
BRDA:37,1,0,0
BRDA:37,1,1,0
BRF:4
BRH:0
end_of_record
TN:
SF:src/api/controllers/auth.controller.ts
FN:8,(anonymous_0)
FN:15,(anonymous_1)
FN:23,(anonymous_2)
FN:30,(anonymous_3)
FN:37,(anonymous_4)
FN:44,(anonymous_5)
FN:51,(anonymous_6)
FN:58,(anonymous_7)
FNF:8
FNH:0
FNDA:0,(anonymous_0)
FNDA:0,(anonymous_1)
FNDA:0,(anonymous_2)
FNDA:0,(anonymous_3)
FNDA:0,(anonymous_4)
FNDA:0,(anonymous_5)
FNDA:0,(anonymous_6)
FNDA:0,(anonymous_7)
DA:2,0
DA:4,0
DA:6,0
DA:8,0
DA:9,0
DA:10,0
DA:11,0
DA:12,0
DA:15,0
DA:16,0
DA:17,0
DA:18,0
DA:19,0
DA:23,0
DA:24,0
DA:25,0
DA:26,0
DA:27,0
DA:30,0
DA:31,0
DA:32,0
DA:33,0
DA:34,0
DA:37,0
DA:38,0
DA:39,0
DA:40,0
DA:41,0
DA:44,0
DA:45,0
DA:46,0
DA:47,0
DA:48,0
DA:51,0
DA:52,0
DA:53,0
DA:54,0
DA:55,0
DA:58,0
DA:59,0
DA:60,0
DA:61,0
DA:62,0
LF:43
LH:0
BRF:0
BRH:0
end_of_record
TN:
SF:src/api/controllers/events.controller.ts
FN:5,(anonymous_0)
FN:7,(anonymous_1)
FNF:2
FNH:0
FNDA:0,(anonymous_0)
FNDA:0,(anonymous_1)
DA:2,0
DA:4,0
DA:5,0
DA:7,0
DA:8,0
DA:9,0
DA:10,0
DA:14,0
DA:15,0
LF:9
LH:0
BRDA:5,0,0,0
BRDA:9,1,0,0
BRDA:9,1,1,0
BRDA:12,2,0,0
BRDA:12,2,1,0
BRF:5
BRH:0
end_of_record
TN:
SF:src/api/controllers/notifications.controller.ts
FN:5,(anonymous_0)
FN:7,(anonymous_1)
FN:14,(anonymous_2)
FNF:3
FNH:0
FNDA:0,(anonymous_0)
FNDA:0,(anonymous_1)
FNDA:0,(anonymous_2)
DA:2,0
DA:4,0
DA:5,0
DA:7,0
DA:8,0
DA:9,0
DA:10,0
DA:11,0
DA:14,0
DA:15,0
DA:16,0
DA:17,0
DA:18,0
LF:13
LH:0
BRDA:5,0,0,0
BRF:1
BRH:0
end_of_record
TN:
SF:src/api/controllers/scheduledTransaction.controller.ts
FN:5,(anonymous_0)
FN:7,(anonymous_1)
FN:14,(anonymous_2)
FN:21,(anonymous_3)
FN:28,(anonymous_4)
FNF:5
FNH:0
FNDA:0,(anonymous_0)
FNDA:0,(anonymous_1)
FNDA:0,(anonymous_2)
FNDA:0,(anonymous_3)
FNDA:0,(anonymous_4)
DA:2,0
DA:4,0
DA:5,0
DA:7,0
DA:8,0
DA:9,0
DA:10,0
DA:11,0
DA:14,0
DA:15,0
DA:16,0
DA:17,0
DA:18,0
DA:21,0
DA:22,0
DA:23,0
DA:24,0
DA:25,0
DA:28,0
DA:29,0
DA:30,0
DA:31,0
DA:32,0
LF:23
LH:0
BRDA:5,0,0,0
BRF:1
BRH:0
end_of_record
TN:
SF:src/api/controllers/ticket.controller.ts
FN:5,(anonymous_0)
FN:7,(anonymous_1)
FN:14,(anonymous_2)
FN:21,(anonymous_3)
FNF:4
FNH:0
FNDA:0,(anonymous_0)
FNDA:0,(anonymous_1)
FNDA:0,(anonymous_2)
FNDA:0,(anonymous_3)
DA:2,0
DA:4,0
DA:5,0
DA:7,0
DA:8,0
DA:9,0
DA:10,0
DA:11,0
DA:14,0
DA:15,0
DA:16,0
DA:17,0
DA:18,0
DA:21,0
DA:22,0
DA:23,0
DA:28,0
DA:29,0
LF:18
LH:0
BRDA:5,0,0,0
BRF:1
BRH:0
end_of_record
TN:
SF:src/api/controllers/transaction.controller.ts
FN:5,(anonymous_0)
FN:7,(anonymous_1)
FN:19,(anonymous_2)
FN:26,(anonymous_3)
FN:33,(anonymous_4)
FNF:5
FNH:0
FNDA:0,(anonymous_0)
FNDA:0,(anonymous_1)
FNDA:0,(anonymous_2)
FNDA:0,(anonymous_3)
FNDA:0,(anonymous_4)
DA:4,0
DA:5,0
DA:7,0
DA:8,0
DA:9,0
DA:13,0
DA:15,0
DA:19,0
DA:20,0
DA:21,0
DA:22,0
DA:23,0
DA:26,0
DA:27,0
DA:28,0
DA:29,0
DA:30,0
DA:33,0
DA:34,0
DA:35,0
DA:36,0
DA:37,0
LF:22
LH:0
BRF:0
BRH:0
end_of_record
TN:
SF:src/api/middleware/auth.middleware.ts
FN:13,requireAuth
FN:27,requireRoles
FN:28,(anonymous_2)
FNF:3
FNH:0
FNDA:0,requireAuth
FNDA:0,requireRoles
FNDA:0,(anonymous_2)
DA:2,0
DA:3,0
DA:13,0
DA:14,0
DA:15,0
DA:17,0
DA:18,0
DA:19,0
DA:20,0
DA:21,0
DA:23,0
DA:27,0
DA:28,0
DA:29,0
DA:30,0
DA:31,0
LF:16
LH:0
BRDA:15,0,0,0
BRDA:15,0,1,0
BRDA:29,1,0,0
BRDA:29,1,1,0
BRDA:30,2,0,0
BRDA:30,2,1,0
BRF:6
BRH:0
end_of_record
TN:
SF:src/api/middleware/errorHandler.ts
FN:3,errorHandler
FNF:1
FNH:0
FNDA:0,errorHandler
DA:3,0
DA:9,0
DA:11,0
DA:12,0
DA:14,0
LF:5
LH:0
BRDA:11,0,0,0
BRDA:11,0,1,0
BRDA:12,1,0,0
BRDA:12,1,1,0
BRF:4
BRH:0
end_of_record
TN:
SF:src/api/middleware/validateRequest.ts
FN:6,(anonymous_0)
FN:6,(anonymous_1)
FNF:2
FNH:0
FNDA:0,(anonymous_0)
FNDA:0,(anonymous_1)
DA:3,0
DA:5,0
DA:6,0
DA:8,0
DA:9,0
DA:10,0
DA:13,0
DA:14,0
LF:8
LH:0
BRDA:9,0,0,0
BRDA:9,0,1,0
BRF:2
BRH:0
end_of_record
TN:
SF:src/api/routes/account.routes.ts
FNF:0
FNH:0
DA:1,0
DA:2,0
DA:3,0
DA:4,0
DA:5,0
DA:6,0
DA:7,0
DA:8,0
DA:9,0
DA:11,0
DA:13,0
DA:14,0
DA:15,0
DA:16,0
DA:19,0
DA:22,0
DA:25,0
DA:26,0
DA:27,0
DA:28,0
DA:31,0
DA:32,0
DA:35,0
DA:36,0
DA:37,0
DA:39,0
LF:26
LH:0
BRF:0
BRH:0
end_of_record
TN:
SF:src/api/routes/admin.routes.ts
FNF:0
FNH:0
DA:1,0
DA:2,0
DA:3,0
DA:4,0
DA:6,0
DA:8,0
DA:9,0
DA:12,0
DA:15,0
DA:16,0
DA:17,0
DA:19,0
LF:12
LH:0
BRF:0
BRH:0
end_of_record
TN:
SF:src/api/routes/auth.routes.ts
FNF:0
FNH:0
DA:1,0
DA:2,0
DA:3,0
DA:4,0
DA:5,0
DA:7,0
DA:9,0
DA:10,0
DA:11,0
DA:12,0
DA:14,0
DA:15,0
DA:16,0
DA:18,0
DA:20,0
LF:15
LH:0
BRF:0
BRH:0
end_of_record
TN:
SF:src/api/routes/events.routes.ts
FNF:0
FNH:0
DA:1,0
DA:2,0
DA:3,0
DA:5,0
DA:6,0
DA:8,0
DA:10,0
LF:7
LH:0
BRF:0
BRH:0
end_of_record
TN:
SF:src/api/routes/index.ts
FN:13,(anonymous_1)
FNF:1
FNH:0
FNDA:0,(anonymous_1)
DA:1,0
DA:2,0
DA:3,0
DA:4,0
DA:5,0
DA:6,0
DA:7,0
DA:8,0
DA:9,0
DA:11,0
DA:13,0
DA:15,0
DA:16,0
DA:17,0
DA:18,0
DA:20,0
DA:21,0
DA:22,0
DA:23,0
DA:25,0
LF:20
LH:0
BRF:0
BRH:0
end_of_record
TN:
SF:src/api/routes/notifications.routes.ts
FNF:0
FNH:0
DA:1,0
DA:2,0
DA:3,0
DA:5,0
DA:6,0
DA:8,0
DA:9,0
DA:11,0
LF:8
LH:0
BRF:0
BRH:0
end_of_record
TN:
SF:src/api/routes/scheduledTransaction.routes.ts
FNF:0
FNH:0
DA:1,0
DA:2,0
DA:3,0
DA:4,0
DA:5,0
DA:7,0
DA:8,0
DA:10,0
DA:11,0
DA:12,0
DA:13,0
DA:15,0
LF:12
LH:0
BRF:0
BRH:0
end_of_record
TN:
SF:src/api/routes/ticket.routes.ts
FNF:0
FNH:0
DA:1,0
DA:2,0
DA:3,0
DA:4,0
DA:5,0
DA:7,0
DA:8,0
DA:10,0
DA:11,0
DA:14,0
DA:16,0
LF:11
LH:0
BRF:0
BRH:0
end_of_record
TN:
SF:src/api/routes/transaction.routes.ts
FNF:0
FNH:0
DA:1,0
DA:2,0
DA:3,0
DA:4,0
DA:5,0
DA:6,0
DA:7,0
DA:8,0
DA:9,0
DA:10,0
DA:12,0
DA:14,0
DA:15,0
DA:17,0
DA:20,0
DA:21,0
DA:22,0
DA:24,0
LF:18
LH:0
BRF:0
BRH:0
end_of_record
TN:
SF:src/api/validators/account.features.validation.ts
FNF:0
FNH:0
DA:1,0
DA:3,0
LF:2
LH:0
BRF:0
BRH:0
end_of_record
TN:
SF:src/api/validators/account.validation.ts
FNF:0
FNH:0
DA:1,0
DA:2,0
DA:3,0
DA:5,0
DA:13,0
DA:16,0
DA:19,0
LF:7
LH:0
BRF:0
BRH:0
end_of_record
TN:
SF:src/api/validators/auth.validators.ts
FNF:0
FNH:0
DA:1,0
DA:3,0
DA:10,0
DA:18,0
DA:22,0
DA:27,0
DA:32,0
LF:7
LH:0
BRF:0
BRH:0
end_of_record
TN:
SF:src/api/validators/scheduledTransaction.validation.ts
FNF:0
FNH:0
DA:1,0
DA:3,0
LF:2
LH:0
BRF:0
BRH:0
end_of_record
TN:
SF:src/api/validators/ticket.validation.ts
FNF:0
FNH:0
DA:1,0
DA:3,0
DA:8,0
LF:3
LH:0
BRF:0
BRH:0
end_of_record
TN:
SF:src/api/validators/transaction.validation.ts
FNF:0
FNH:0
DA:1,0
DA:3,0
LF:2
LH:0
BRF:0
BRH:0
end_of_record
TN:
SF:src/application/errors/http-error.ts
FN:2,(anonymous_0)
FNF:1
FNH:1
FNDA:2,(anonymous_0)
DA:1,2
DA:3,2
DA:5,2
DA:7,2
DA:8,2
LF:5
LH:5
BRF:0
BRH:0
end_of_record
TN:
SF:src/application/mappers/account.mapper.ts
FN:16,(anonymous_0)
FN:20,(anonymous_1)
FN:44,(anonymous_2)
FNF:3
FNH:0
FNDA:0,(anonymous_0)
FNDA:0,(anonymous_1)
FNDA:0,(anonymous_2)
DA:2,1
DA:4,1
DA:8,1
DA:9,1
DA:10,1
DA:11,1
DA:15,1
DA:17,0
DA:18,0
DA:20,0
DA:21,0
DA:24,0
DA:28,0
DA:40,0
DA:45,0
DA:46,0
LF:16
LH:7
BRDA:17,0,0,0
BRDA:17,0,1,0
BRDA:20,1,0,0
BRDA:20,1,1,0
BRDA:33,2,0,0
BRDA:33,2,1,0
BRDA:34,3,0,0
BRDA:34,3,1,0
BRDA:35,4,0,0
BRDA:35,4,1,0
BRF:10
BRH:0
end_of_record
TN:
SF:src/application/notifications/notification-center.ts
FNF:0
FNH:0
DA:1,1
DA:4,1
LF:2
LH:2
BRF:0
BRH:0
end_of_record
TN:
SF:src/application/notifications/notification.wiring.ts
FN:6,buildNotificationCenter
FNF:1
FNH:0
FNDA:0,buildNotificationCenter
DA:1,0
DA:2,0
DA:3,0
DA:4,0
DA:6,0
DA:7,0
DA:9,0
DA:10,0
DA:11,0
DA:13,0
LF:10
LH:0
BRF:0
BRH:0
end_of_record
TN:
SF:src/application/notifications/observers/email.observer.ts
FN:8,(anonymous_0)
FN:12,(anonymous_1)
FNF:2
FNH:0
FNDA:0,(anonymous_0)
FNDA:0,(anonymous_1)
DA:2,0
DA:5,0
DA:6,0
DA:8,0
DA:9,0
DA:10,0
DA:15,0
DA:17,0
DA:19,0
DA:26,0
LF:10
LH:0
BRDA:17,0,0,0
BRDA:17,0,1,0
BRF:2
BRH:0
end_of_record
TN:
SF:src/application/notifications/observers/inapp.observer.ts
FN:6,(anonymous_0)
FN:8,(anonymous_1)
FNF:2
FNH:0
FNDA:0,(anonymous_0)
FNDA:0,(anonymous_1)
DA:4,0
DA:6,0
DA:7,0
DA:9,0
LF:4
LH:0
BRF:0
BRH:0
end_of_record
TN:
SF:src/application/notifications/observers/sms.observer.ts
FN:7,(anonymous_0)
FN:10,(anonymous_1)
FNF:2
FNH:0
FNDA:0,(anonymous_0)
FNDA:0,(anonymous_1)
DA:4,0
DA:5,0
DA:7,0
DA:8,0
DA:9,0
DA:12,0
DA:13,0
DA:16,0
LF:8
LH:0
BRDA:13,0,0,0
BRDA:13,0,1,0
BRF:2
BRH:0
end_of_record
TN:
SF:src/application/services/accounts.service.ts
FN:15,(anonymous_1)
FN:20,(anonymous_2)
FN:55,(anonymous_3)
FN:61,(anonymous_4)
FN:65,(anonymous_5)
FN:71,(anonymous_6)
FN:82,(anonymous_7)
FN:110,(anonymous_8)
FN:112,(anonymous_9)
FN:113,(anonymous_10)
FN:114,(anonymous_11)
FN:115,(anonymous_12)
FN:122,(anonymous_13)
FN:123,(anonymous_14)
FN:124,(anonymous_15)
FN:128,(anonymous_16)
FN:132,(anonymous_17)
FN:143,(anonymous_18)
FN:154,(anonymous_19)
FN:166,(anonymous_20)
FN:171,(anonymous_21)
FNF:21
FNH:0
FNDA:0,(anonymous_1)
FNDA:0,(anonymous_2)
FNDA:0,(anonymous_3)
FNDA:0,(anonymous_4)
FNDA:0,(anonymous_5)
FNDA:0,(anonymous_6)
FNDA:0,(anonymous_7)
FNDA:0,(anonymous_8)
FNDA:0,(anonymous_9)
FNDA:0,(anonymous_10)
FNDA:0,(anonymous_11)
FNDA:0,(anonymous_12)
FNDA:0,(anonymous_13)
FNDA:0,(anonymous_14)
FNDA:0,(anonymous_15)
FNDA:0,(anonymous_16)
FNDA:0,(anonymous_17)
FNDA:0,(anonymous_18)
FNDA:0,(anonymous_19)
FNDA:0,(anonymous_20)
FNDA:0,(anonymous_21)
DA:2,0
DA:3,0
DA:5,0
DA:6,0
DA:7,0
DA:11,0
DA:12,0
DA:14,0
DA:16,0
DA:17,0
DA:27,0
DA:28,0
DA:29,0
DA:32,0
DA:42,0
DA:50,0
DA:52,0
DA:56,0
DA:57,0
DA:58,0
DA:62,0
DA:66,0
DA:67,0
DA:68,0
DA:72,0
DA:73,0
DA:75,0
DA:76,0
DA:78,0
DA:79,0
DA:83,0
DA:84,0
DA:86,0
DA:88,0
DA:89,0
DA:92,0
DA:93,0
DA:95,0
DA:97,0
DA:105,0
DA:107,0
DA:111,0
DA:112,0
DA:113,0
DA:114,0
DA:115,0
DA:118,0
DA:119,0
DA:123,0
DA:124,0
DA:126,0
DA:128,0
DA:129,0
DA:133,0
DA:134,0
DA:136,0
DA:137,0
DA:139,0
DA:140,0
DA:144,0
DA:145,0
DA:147,0
DA:148,0
DA:150,0
DA:151,0
DA:155,0
DA:156,0
DA:158,0
DA:159,0
DA:162,0
DA:163,0
DA:167,0
DA:168,0
DA:178,0
LF:74
LH:0
BRDA:27,0,0,0
BRDA:27,0,1,0
BRDA:29,1,0,0
BRDA:29,1,1,0
BRDA:36,2,0,0
BRDA:36,2,1,0
BRDA:37,3,0,0
BRDA:37,3,1,0
BRDA:57,4,0,0
BRDA:57,4,1,0
BRDA:67,5,0,0
BRDA:67,5,1,0
BRDA:67,6,0,0
BRDA:67,6,1,0
BRDA:73,7,0,0
BRDA:73,7,1,0
BRDA:76,8,0,0
BRDA:76,8,1,0
BRDA:76,9,0,0
BRDA:76,9,1,0
BRDA:84,10,0,0
BRDA:84,10,1,0
BRDA:88,11,0,0
BRDA:88,11,1,0
BRDA:118,12,0,0
BRDA:118,12,1,0
BRDA:124,13,0,0
BRDA:124,13,1,0
BRDA:136,14,0,0
BRDA:136,14,1,0
BRDA:136,15,0,0
BRDA:136,15,1,0
BRDA:137,16,0,0
BRDA:137,16,1,0
BRDA:147,17,0,0
BRDA:147,17,1,0
BRDA:147,18,0,0
BRDA:147,18,1,0
BRDA:148,19,0,0
BRDA:148,19,1,0
BRDA:156,20,0,0
BRDA:156,20,1,0
BRDA:158,21,0,0
BRDA:158,21,1,0
BRDA:158,22,0,0
BRDA:158,22,1,0
BRF:46
BRH:0
end_of_record
TN:
SF:src/application/services/admin.service.ts
FN:4,parseDateYYYYMMDD
FN:14,(anonymous_1)
FN:16,(anonymous_2)
FN:20,(anonymous_3)
FN:25,(anonymous_4)
FN:29,(anonymous_5)
FNF:6
FNH:0
FNDA:0,parseDateYYYYMMDD
FNDA:0,(anonymous_1)
FNDA:0,(anonymous_2)
FNDA:0,(anonymous_3)
FNDA:0,(anonymous_4)
FNDA:0,(anonymous_5)
DA:1,0
DA:2,0
DA:5,0
DA:6,0
DA:7,0
DA:8,0
DA:9,0
DA:10,0
DA:13,0
DA:14,0
DA:17,0
DA:21,0
DA:22,0
DA:26,0
DA:30,0
DA:31,0
DA:32,0
LF:17
LH:0
BRDA:5,0,0,0
BRDA:5,0,1,0
BRDA:7,1,0,0
BRDA:7,1,1,0
BRDA:9,2,0,0
BRDA:9,2,1,0
BRDA:14,3,0,0
BRDA:21,4,0,0
BRDA:21,4,1,0
BRDA:30,5,0,0
BRDA:30,5,1,0
BRDA:31,6,0,0
BRDA:31,6,1,0
BRF:13
BRH:0
end_of_record
TN:
SF:src/application/services/auth.service.ts
FN:11,random6Digits
FN:16,(anonymous_2)
FN:21,(anonymous_3)
FN:48,(anonymous_4)
FN:77,(anonymous_5)
FN:87,(anonymous_6)
FN:107,(anonymous_7)
FN:121,(anonymous_8)
FN:134,(anonymous_9)
FN:139,(anonymous_10)
FN:146,(anonymous_11)
FN:161,(anonymous_12)
FN:173,(anonymous_13)
FNF:13
FNH:0
FNDA:0,random6Digits
FNDA:0,(anonymous_2)
FNDA:0,(anonymous_3)
FNDA:0,(anonymous_4)
FNDA:0,(anonymous_5)
FNDA:0,(anonymous_6)
FNDA:0,(anonymous_7)
FNDA:0,(anonymous_8)
FNDA:0,(anonymous_9)
FNDA:0,(anonymous_10)
FNDA:0,(anonymous_11)
FNDA:0,(anonymous_12)
FNDA:0,(anonymous_13)
DA:1,0
DA:2,0
DA:3,0
DA:4,0
DA:5,0
DA:6,0
DA:7,0
DA:8,0
DA:12,0
DA:15,0
DA:17,0
DA:18,0
DA:19,0
DA:22,0
DA:23,0
DA:25,0
DA:26,0
DA:27,0
DA:31,0
DA:33,0
DA:43,0
DA:49,0
DA:50,0
DA:52,0
DA:53,0
DA:54,0
DA:56,0
DA:57,0
DA:60,0
DA:62,0
DA:71,0
DA:73,0
DA:78,0
DA:79,0
DA:80,0
DA:82,0
DA:83,0
DA:88,0
DA:89,0
DA:91,0
DA:93,0
DA:94,0
DA:97,0
DA:98,0
DA:100,0
DA:101,0
DA:103,0
DA:104,0
DA:108,0
DA:109,0
DA:111,0
DA:113,0
DA:114,0
DA:116,0
DA:117,0
DA:122,0
DA:123,0
DA:125,0
DA:126,0
DA:128,0
DA:130,0
DA:131,0
DA:135,0
DA:136,0
DA:140,0
DA:141,0
DA:142,0
DA:147,0
DA:148,0
DA:149,0
DA:151,0
DA:153,0
DA:162,0
DA:163,0
DA:164,0
DA:167,0
DA:168,0
DA:170,0
DA:174,0
DA:175,0
LF:80
LH:0
BRDA:17,0,0,0
BRDA:18,1,0,0
BRDA:19,2,0,0
BRDA:23,3,0,0
BRDA:23,3,1,0
BRDA:26,4,0,0
BRDA:26,4,1,0
BRDA:27,5,0,0
BRDA:27,5,1,0
BRDA:50,6,0,0
BRDA:50,6,1,0
BRDA:53,7,0,0
BRDA:53,7,1,0
BRDA:54,8,0,0
BRDA:54,8,1,0
BRDA:79,9,0,0
BRDA:79,9,1,0
BRDA:80,10,0,0
BRDA:80,10,1,0
BRDA:89,11,0,0
BRDA:89,11,1,0
BRDA:91,12,0,0
BRDA:91,12,1,0
BRDA:98,13,0,0
BRDA:98,13,1,0
BRDA:109,14,0,0
BRDA:109,14,1,0
BRDA:111,15,0,0
BRDA:111,15,1,0
BRDA:114,16,0,0
BRDA:114,16,1,0
BRDA:126,17,0,0
BRDA:126,17,1,0
BRDA:141,18,0,0
BRDA:141,18,1,0
BRF:35
BRH:0
end_of_record
TN:
SF:src/application/services/events.service.ts
FN:4,(anonymous_0)
FN:6,(anonymous_1)
FNF:2
FNH:2
FNDA:2,(anonymous_0)
FNDA:2,(anonymous_1)
DA:1,1
DA:3,1
DA:4,2
DA:7,2
DA:8,2
DA:9,1
LF:6
LH:6
BRDA:4,0,0,2
BRDA:8,1,0,1
BRDA:8,1,1,1
BRF:3
BRH:3
end_of_record
TN:
SF:src/application/services/notifications.service.ts
FN:4,(anonymous_0)
FN:6,(anonymous_1)
FN:10,(anonymous_2)
FNF:3
FNH:0
FNDA:0,(anonymous_0)
FNDA:0,(anonymous_1)
FNDA:0,(anonymous_2)
DA:1,0
DA:3,0
DA:4,0
DA:7,0
DA:11,0
DA:12,0
LF:6
LH:0
BRDA:4,0,0,0
BRF:1
BRH:0
end_of_record
TN:
SF:src/application/services/scheduledTransactions.service.ts
FN:6,nextDate
FN:15,(anonymous_2)
FN:17,(anonymous_3)
FN:53,(anonymous_4)
FN:57,(anonymous_5)
FN:62,(anonymous_6)
FN:68,(anonymous_7)
FNF:7
FNH:2
FNDA:0,nextDate
FNDA:2,(anonymous_2)
FNDA:2,(anonymous_3)
FNDA:0,(anonymous_4)
FNDA:0,(anonymous_5)
FNDA:0,(anonymous_6)
FNDA:0,(anonymous_7)
DA:2,1
DA:3,1
DA:4,1
DA:7,0
DA:8,0
DA:9,0
DA:10,0
DA:11,0
DA:14,1
DA:15,2
DA:25,2
DA:27,2
DA:28,2
DA:29,2
DA:30,1
DA:33,1
DA:34,1
DA:35,1
DA:36,1
DA:39,0
DA:40,0
DA:42,0
DA:54,0
DA:58,0
DA:59,0
DA:63,0
DA:64,0
DA:69,0
LF:28
LH:14
BRDA:8,0,0,0
BRDA:8,0,1,0
BRDA:9,1,0,0
BRDA:9,1,1,0
BRDA:10,2,0,0
BRDA:10,2,1,0
BRDA:15,3,0,2
BRDA:25,4,0,0
BRDA:25,4,1,2
BRDA:27,5,0,0
BRDA:27,5,1,2
BRDA:27,6,0,2
BRDA:27,6,1,1
BRDA:28,7,0,0
BRDA:28,7,1,2
BRDA:28,8,0,2
BRDA:28,8,1,0
BRDA:29,9,0,1
BRDA:29,9,1,1
BRDA:29,10,0,2
BRDA:29,10,1,1
BRDA:29,10,2,0
BRDA:36,11,0,1
BRDA:36,11,1,0
BRDA:40,12,0,0
BRDA:40,12,1,0
BRF:26
BRH:12
end_of_record
TN:
SF:src/application/services/tickets.service.ts
FN:6,(anonymous_0)
FN:8,(anonymous_1)
FN:12,(anonymous_2)
FN:17,(anonymous_3)
FNF:4
FNH:0
FNDA:0,(anonymous_0)
FNDA:0,(anonymous_1)
FNDA:0,(anonymous_2)
FNDA:0,(anonymous_3)
DA:2,0
DA:3,0
DA:5,0
DA:6,0
DA:9,0
DA:13,0
DA:14,0
DA:18,0
DA:19,0
DA:20,0
LF:10
LH:0
BRDA:6,0,0,0
BRDA:14,1,0,0
BRDA:14,1,1,0
BRDA:19,2,0,0
BRDA:19,2,1,0
BRF:5
BRH:0
end_of_record
TN:
SF:src/application/services/transactions.service.ts
FN:13,(anonymous_1)
FN:19,(anonymous_2)
FN:25,(anonymous_3)
FN:85,(anonymous_4)
FN:91,(anonymous_5)
FN:118,(anonymous_6)
FN:144,(anonymous_7)
FNF:7
FNH:4
FNDA:2,(anonymous_1)
FNDA:2,(anonymous_2)
FNDA:2,(anonymous_3)
FNDA:0,(anonymous_4)
FNDA:0,(anonymous_5)
FNDA:0,(anonymous_6)
FNDA:1,(anonymous_7)
DA:1,1
DA:2,1
DA:3,1
DA:8,1
DA:9,1
DA:10,1
DA:12,1
DA:14,2
DA:15,2
DA:16,2
DA:20,2
DA:21,2
DA:22,2
DA:32,2
DA:34,2
DA:35,2
DA:36,2
DA:37,0
DA:39,2
DA:45,2
DA:47,2
DA:58,2
DA:59,1
DA:68,1
DA:71,1
DA:82,1
DA:86,0
DA:87,0
DA:88,0
DA:92,0
DA:93,0
DA:95,0
DA:96,0
DA:97,0
DA:100,0
DA:101,0
DA:104,0
DA:115,0
DA:119,0
DA:120,0
DA:122,0
DA:123,0
DA:124,0
DA:126,0
DA:131,0
DA:141,0
DA:154,1
DA:159,1
DA:160,1
DA:161,1
DA:162,1
DA:163,1
DA:166,1
DA:167,0
DA:168,0
DA:169,0
DA:170,0
DA:173,1
DA:174,0
DA:175,0
DA:176,0
DA:178,0
DA:179,0
DA:181,0
DA:182,0
DA:185,1
DA:195,1
DA:205,1
LF:68
LH:36
BRDA:32,0,0,0
BRDA:32,0,1,2
BRDA:34,1,0,0
BRDA:34,1,1,2
BRDA:34,2,0,2
BRDA:34,2,1,2
BRDA:35,3,0,0
BRDA:35,3,1,2
BRDA:35,4,0,2
BRDA:35,4,1,0
BRDA:36,5,0,0
BRDA:36,5,1,2
BRDA:36,6,0,2
BRDA:36,6,1,0
BRDA:36,6,2,0
BRDA:51,7,0,1
BRDA:51,7,1,1
BRDA:54,8,0,0
BRDA:54,8,1,2
BRDA:54,9,0,2
BRDA:54,9,1,1
BRDA:58,10,0,1
BRDA:58,10,1,1
BRDA:62,11,0,1
BRDA:62,11,1,1
BRDA:62,11,2,0
BRDA:77,12,0,0
BRDA:77,12,1,1
BRDA:87,13,0,0
BRDA:87,13,1,0
BRDA:93,14,0,0
BRDA:93,14,1,0
BRDA:96,15,0,0
BRDA:96,15,1,0
BRDA:97,16,0,0
BRDA:97,16,1,0
BRDA:100,17,0,0
BRDA:100,17,1,0
BRDA:100,18,0,0
BRDA:100,18,1,0
BRDA:108,19,0,0
BRDA:108,19,1,0
BRDA:109,20,0,0
BRDA:109,20,1,0
BRDA:112,21,0,0
BRDA:112,21,1,0
BRDA:120,22,0,0
BRDA:120,22,1,0
BRDA:123,23,0,0
BRDA:123,23,1,0
BRDA:124,24,0,0
BRDA:124,24,1,0
BRDA:134,25,0,0
BRDA:134,25,1,0
BRDA:134,25,2,0
BRDA:137,26,0,0
BRDA:137,26,1,0
BRDA:159,27,0,1
BRDA:159,27,1,0
BRDA:161,28,0,0
BRDA:161,28,1,1
BRDA:166,29,0,0
BRDA:166,29,1,1
BRDA:168,30,0,0
BRDA:168,30,1,0
BRDA:173,31,0,0
BRDA:173,31,1,1
BRDA:176,32,0,0
BRDA:176,32,1,0
BRDA:176,33,0,0
BRDA:176,33,1,0
BRDA:198,34,0,1
BRDA:198,34,1,1
BRDA:198,34,2,0
BRDA:209,35,0,1
BRDA:209,35,1,1
BRF:76
BRH:26
end_of_record
TN:
SF:src/domain/accounts/AccountFactory.ts
FN:10,(anonymous_0)
FNF:1
FNH:0
FNDA:0,(anonymous_0)
DA:3,1
DA:4,1
DA:5,1
DA:6,1
DA:9,1
DA:18,0
DA:20,0
DA:22,0
DA:24,0
DA:33,0
DA:36,0
DA:39,0
LF:12
LH:5
BRDA:18,0,0,0
BRDA:18,0,1,0
BRDA:20,1,0,0
BRDA:20,1,1,0
BRDA:20,1,2,0
BRDA:20,1,3,0
BRDA:20,1,4,0
BRDA:28,2,0,0
BRDA:28,2,1,0
BRF:9
BRH:0
end_of_record
TN:
SF:src/domain/accounts/state.ts
FN:1,(anonymous_0)
FNF:1
FNH:0
FNDA:0,(anonymous_0)
DA:1,0
DA:2,0
DA:3,0
DA:4,0
DA:5,0
LF:5
LH:0
BRDA:1,0,0,0
BRDA:1,0,1,0
BRF:2
BRH:0
end_of_record
TN:
SF:src/domain/accounts/composite/AccountGroup.ts
FN:8,(anonymous_0)
FN:12,(anonymous_1)
FN:17,(anonymous_2)
FN:21,(anonymous_3)
FN:25,(anonymous_4)
FN:26,(anonymous_5)
FN:28,(anonymous_6)
FN:32,(anonymous_7)
FN:33,(anonymous_8)
FN:36,(anonymous_9)
FN:40,(anonymous_10)
FN:41,(anonymous_11)
FNF:12
FNH:4
FNDA:1,(anonymous_0)
FNDA:0,(anonymous_1)
FNDA:0,(anonymous_2)
FNDA:0,(anonymous_3)
FNDA:0,(anonymous_4)
FNDA:0,(anonymous_5)
FNDA:2,(anonymous_6)
FNDA:0,(anonymous_7)
FNDA:0,(anonymous_8)
FNDA:0,(anonymous_9)
FNDA:1,(anonymous_10)
FNDA:2,(anonymous_11)
DA:3,2
DA:6,1
DA:9,1
DA:10,1
DA:13,0
DA:14,0
DA:18,0
DA:22,0
DA:25,0
DA:26,0
DA:29,2
DA:33,0
DA:37,0
DA:41,2
LF:14
LH:6
BRDA:13,0,0,0
BRDA:13,0,1,0
BRF:2
BRH:0
end_of_record
TN:
SF:src/domain/accounts/composite/AccountLeaf.ts
FN:14,(anonymous_0)
FN:21,(anonymous_1)
FN:28,(anonymous_2)
FN:29,(anonymous_3)
FN:30,(anonymous_4)
FN:31,(anonymous_5)
FN:33,(anonymous_6)
FN:34,(anonymous_7)
FN:35,(anonymous_8)
FN:36,(anonymous_9)
FN:38,(anonymous_10)
FN:43,(anonymous_11)
FN:48,(anonymous_12)
FN:50,(anonymous_13)
FN:52,(anonymous_14)
FN:60,(anonymous_15)
FN:65,(anonymous_16)
FN:68,(anonymous_17)
FN:71,(anonymous_18)
FNF:19
FNH:6
FNDA:8,(anonymous_0)
FNDA:0,(anonymous_1)
FNDA:0,(anonymous_2)
FNDA:0,(anonymous_3)
FNDA:8,(anonymous_4)
FNDA:0,(anonymous_5)
FNDA:0,(anonymous_6)
FNDA:0,(anonymous_7)
FNDA:0,(anonymous_8)
FNDA:0,(anonymous_9)
FNDA:3,(anonymous_10)
FNDA:5,(anonymous_11)
FNDA:0,(anonymous_12)
FNDA:3,(anonymous_13)
FNDA:4,(anonymous_14)
FNDA:0,(anonymous_15)
FNDA:0,(anonymous_16)
FNDA:0,(anonymous_17)
FNDA:0,(anonymous_18)
DA:4,2
DA:8,2
DA:15,8
DA:16,8
DA:17,8
DA:18,8
DA:22,0
DA:23,0
DA:25,0
DA:28,0
DA:29,0
DA:30,8
DA:31,0
DA:33,0
DA:34,0
DA:35,0
DA:36,0
DA:39,3
DA:40,3
DA:44,5
DA:45,5
DA:48,0
DA:50,3
DA:53,4
DA:54,4
DA:61,0
DA:62,0
DA:66,0
DA:69,0
DA:72,0
LF:30
LH:14
BRDA:14,0,0,0
BRDA:14,1,0,0
BRDA:22,2,0,0
BRDA:22,2,1,0
BRDA:39,3,0,0
BRDA:39,3,1,3
BRDA:44,4,0,0
BRDA:44,4,1,5
BRDA:61,5,0,0
BRDA:61,5,1,0
BRF:10
BRH:2
end_of_record
TN:
SF:src/domain/accounts/composite/CheckingAccount.ts
FN:8,(anonymous_0)
FN:13,(anonymous_1)
FN:18,(anonymous_2)
FN:22,(anonymous_3)
FNF:4
FNH:4
FNDA:2,(anonymous_0)
FNDA:1,(anonymous_1)
FNDA:1,(anonymous_2)
FNDA:1,(anonymous_3)
DA:2,2
DA:3,2
DA:5,2
DA:9,2
DA:10,2
DA:14,1
DA:15,1
DA:19,1
DA:23,1
DA:24,0
LF:10
LH:9
BRDA:8,0,0,0
BRDA:8,1,0,0
BRDA:8,2,0,0
BRDA:14,3,0,0
BRDA:14,3,1,1
BRDA:23,4,0,0
BRDA:23,4,1,1
BRF:7
BRH:2
end_of_record
TN:
SF:src/domain/accounts/composite/InvestmentAccount.ts
FN:4,(anonymous_0)
FNF:1
FNH:0
FNDA:0,(anonymous_0)
DA:1,1
DA:3,1
DA:5,0
DA:6,0
LF:4
LH:2
BRDA:5,0,0,0
BRDA:5,0,1,0
BRF:2
BRH:0
end_of_record
TN:
SF:src/domain/accounts/composite/LoanAccount.ts
FN:4,(anonymous_0)
FN:7,(anonymous_1)
FNF:2
FNH:0
FNDA:0,(anonymous_0)
FNDA:0,(anonymous_1)
DA:1,1
DA:3,1
DA:5,0
DA:8,0
LF:4
LH:2
BRF:0
BRH:0
end_of_record
TN:
SF:src/domain/accounts/composite/SavingsAccount.ts
FN:4,(anonymous_0)
FNF:1
FNH:1
FNDA:3,(anonymous_0)
DA:1,2
DA:3,2
DA:5,3
DA:6,0
LF:4
LH:3
BRDA:5,0,0,0
BRDA:5,0,1,3
BRF:2
BRH:1
end_of_record
TN:
SF:src/domain/accounts/decorator/AccountDecorator.ts
FN:5,(anonymous_0)
FN:6,(anonymous_1)
FN:10,(anonymous_2)
FN:11,(anonymous_3)
FN:12,(anonymous_4)
FN:14,(anonymous_5)
FN:15,(anonymous_6)
FN:18,(anonymous_7)
FN:19,(anonymous_8)
FN:20,(anonymous_9)
FNF:10
FNH:4
FNDA:3,(anonymous_0)
FNDA:0,(anonymous_1)
FNDA:0,(anonymous_2)
FNDA:0,(anonymous_3)
FNDA:2,(anonymous_4)
FNDA:1,(anonymous_5)
FNDA:2,(anonymous_6)
FNDA:0,(anonymous_7)
FNDA:0,(anonymous_8)
FNDA:0,(anonymous_9)
DA:4,2
DA:5,3
DA:7,0
DA:10,0
DA:11,0
DA:12,2
DA:14,1
DA:15,2
DA:18,0
DA:19,0
DA:20,0
LF:11
LH:5
BRF:0
BRH:0
end_of_record
TN:
SF:src/domain/accounts/decorator/InsuranceDecorator.ts
FN:6,(anonymous_0)
FN:10,(anonymous_1)
FNF:2
FNH:2
FNDA:1,(anonymous_0)
FNDA:1,(anonymous_1)
DA:3,2
DA:5,2
DA:6,1
DA:7,1
DA:12,1
DA:15,1
LF:6
LH:6
BRDA:6,0,0,0
BRF:1
BRH:0
end_of_record
TN:
SF:src/domain/accounts/decorator/OverdraftDecorator.ts
FN:6,(anonymous_0)
FNF:1
FNH:1
FNDA:1,(anonymous_0)
DA:2,2
DA:5,2
DA:7,1
DA:9,1
DA:11,1
LF:5
LH:5
BRDA:9,0,0,0
BRDA:9,0,1,1
BRF:2
BRH:1
end_of_record
TN:
SF:src/domain/accounts/decorator/PremiumServiceDecorator.ts
FN:4,(anonymous_0)
FN:8,(anonymous_1)
FNF:2
FNH:2
FNDA:1,(anonymous_0)
FNDA:1,(anonymous_1)
DA:1,2
DA:3,2
DA:4,1
DA:5,1
DA:9,1
DA:10,1
LF:6
LH:6
BRDA:4,0,0,0
BRF:1
BRH:0
end_of_record
TN:
SF:src/domain/accounts/decorator/applyDecorators.ts
FN:13,applyDecorators
FN:15,(anonymous_1)
FNF:2
FNH:0
FNDA:0,applyDecorators
FNDA:0,(anonymous_1)
DA:2,1
DA:3,1
DA:4,1
DA:5,1
DA:6,1
DA:13,1
DA:14,0
DA:15,0
DA:16,0
DA:17,0
DA:18,0
DA:19,0
DA:20,0
DA:24,0
DA:25,0
DA:26,0
DA:28,0
DA:29,0
DA:30,0
DA:34,0
LF:20
LH:6
BRDA:16,0,0,0
BRDA:16,0,1,0
BRDA:18,1,0,0
BRDA:18,1,1,0
BRDA:19,2,0,0
BRDA:19,2,1,0
BRDA:25,3,0,0
BRDA:25,3,1,0
BRDA:28,4,0,0
BRDA:28,4,1,0
BRDA:29,5,0,0
BRDA:29,5,1,0
BRF:12
BRH:0
end_of_record
TN:
SF:src/domain/accounts/decorator/unwrap.ts
FN:3,unwrapToBase
FNF:1
FNH:0
FNDA:0,unwrapToBase
DA:3,1
DA:4,0
DA:5,0
DA:6,0
LF:4
LH:1
BRDA:5,0,0,0
BRDA:5,0,1,0
BRDA:5,0,2,0
BRF:3
BRH:0
end_of_record
TN:
SF:src/domain/accounts/interest_strategy/FixedRateInterest.ts
FN:4,(anonymous_0)
FN:6,(anonymous_1)
FNF:2
FNH:0
FNDA:0,(anonymous_0)
FNDA:0,(anonymous_1)
DA:3,0
DA:4,0
DA:7,0
LF:3
LH:0
BRF:0
BRH:0
end_of_record
TN:
SF:src/domain/accounts/interest_strategy/MarketBasedInterest.ts
FN:4,(anonymous_0)
FN:6,(anonymous_1)
FNF:2
FNH:0
FNDA:0,(anonymous_0)
FNDA:0,(anonymous_1)
DA:3,0
DA:4,0
DA:7,0
DA:8,0
DA:9,0
DA:10,0
LF:6
LH:0
BRDA:4,0,0,0
BRDA:8,1,0,0
BRDA:8,1,1,0
BRDA:9,2,0,0
BRDA:9,2,1,0
BRF:5
BRH:0
end_of_record
TN:
SF:src/domain/accounts/interest_strategy/TieredInterest.ts
FN:4,(anonymous_0)
FN:10,(anonymous_1)
FNF:2
FNH:0
FNDA:0,(anonymous_0)
FNDA:0,(anonymous_1)
DA:3,0
DA:5,0
DA:6,0
DA:7,0
DA:11,0
DA:12,0
DA:13,0
DA:14,0
LF:8
LH:0
BRF:0
BRH:0
end_of_record
TN:
SF:src/domain/accounts/state/ActiveState.ts
FN:7,(anonymous_0)
FN:10,(anonymous_1)
FN:14,(anonymous_2)
FN:18,(anonymous_3)
FN:22,(anonymous_4)
FN:26,(anonymous_5)
FN:30,(anonymous_6)
FNF:7
FNH:3
FNDA:7,(anonymous_0)
FNDA:3,(anonymous_1)
FNDA:4,(anonymous_2)
FNDA:0,(anonymous_3)
FNDA:0,(anonymous_4)
FNDA:0,(anonymous_5)
FNDA:0,(anonymous_6)
DA:3,2
DA:4,2
DA:5,2
DA:7,2
DA:8,7
DA:11,3
DA:15,4
DA:19,0
DA:23,0
DA:31,0
LF:10
LH:7
BRF:0
BRH:0
end_of_record
TN:
SF:src/domain/accounts/state/ClosedState.ts
FN:4,(anonymous_0)
FN:7,(anonymous_1)
FN:11,(anonymous_2)
FN:15,(anonymous_3)
FN:19,(anonymous_4)
FN:23,(anonymous_5)
FN:27,(anonymous_6)
FNF:7
FNH:0
FNDA:0,(anonymous_0)
FNDA:0,(anonymous_1)
FNDA:0,(anonymous_2)
FNDA:0,(anonymous_3)
FNDA:0,(anonymous_4)
FNDA:0,(anonymous_5)
FNDA:0,(anonymous_6)
DA:4,2
DA:5,0
DA:8,0
DA:12,0
DA:16,0
DA:20,0
DA:24,0
LF:7
LH:1
BRF:0
BRH:0
end_of_record
TN:
SF:src/domain/accounts/state/FrozenState.ts
FN:7,(anonymous_0)
FN:10,(anonymous_1)
FN:15,(anonymous_2)
FN:19,(anonymous_3)
FN:23,(anonymous_4)
FN:27,(anonymous_5)
FN:31,(anonymous_6)
FNF:7
FNH:2
FNDA:1,(anonymous_0)
FNDA:0,(anonymous_1)
FNDA:1,(anonymous_2)
FNDA:0,(anonymous_3)
FNDA:0,(anonymous_4)
FNDA:0,(anonymous_5)
FNDA:0,(anonymous_6)
DA:3,2
DA:4,2
DA:5,2
DA:7,2
DA:8,1
DA:12,0
DA:16,1
DA:24,0
DA:28,0
DA:32,0
LF:10
LH:6
BRF:0
BRH:0
end_of_record
TN:
SF:src/domain/accounts/state/SuspendedState.ts
FN:7,(anonymous_0)
FN:10,(anonymous_1)
FN:14,(anonymous_2)
FN:18,(anonymous_3)
FN:22,(anonymous_4)
FN:26,(anonymous_5)
FN:30,(anonymous_6)
FNF:7
FNH:0
FNDA:0,(anonymous_0)
FNDA:0,(anonymous_1)
FNDA:0,(anonymous_2)
FNDA:0,(anonymous_3)
FNDA:0,(anonymous_4)
FNDA:0,(anonymous_5)
FNDA:0,(anonymous_6)
DA:4,2
DA:5,2
DA:7,2
DA:8,0
DA:11,0
DA:15,0
DA:19,0
DA:27,0
DA:31,0
LF:9
LH:3
BRF:0
BRH:0
end_of_record
TN:
SF:src/domain/notifications/subject.ts
FN:3,(anonymous_0)
FN:6,(anonymous_1)
FN:10,(anonymous_2)
FNF:3
FNH:1
FNDA:2,(anonymous_0)
FNDA:0,(anonymous_1)
FNDA:0,(anonymous_2)
DA:3,1
DA:4,2
DA:7,0
DA:12,0
DA:13,0
LF:5
LH:2
BRF:0
BRH:0
end_of_record
TN:
SF:src/domain/transactions/approval/ApprovalHandler.ts
FN:14,(anonymous_0)
FN:16,(anonymous_1)
FN:21,(anonymous_2)
FNF:3
FNH:3
FNDA:6,(anonymous_0)
FNDA:4,(anonymous_1)
FNDA:4,(anonymous_2)
DA:13,1
DA:14,6
DA:17,4
DA:18,4
DA:22,4
DA:23,4
DA:24,3
DA:25,2
LF:8
LH:8
BRDA:23,0,0,1
BRDA:23,0,1,3
BRDA:24,1,0,1
BRDA:24,1,1,2
BRF:4
BRH:4
end_of_record
TN:
SF:src/domain/transactions/approval/AutoApprove.ts
FN:4,(anonymous_0)
FN:8,(anonymous_1)
FNF:2
FNH:2
FNDA:2,(anonymous_0)
FNDA:2,(anonymous_1)
DA:1,1
DA:3,1
DA:4,2
DA:5,2
DA:9,2
DA:10,1
LF:6
LH:6
BRDA:4,0,0,0
BRDA:9,1,0,1
BRDA:9,1,1,1
BRF:3
BRH:2
end_of_record
TN:
SF:src/domain/transactions/approval/ManagerApprove.ts
FN:4,(anonymous_0)
FNF:1
FNH:1
FNDA:1,(anonymous_0)
DA:1,1
DA:3,1
DA:5,1
DA:6,1
DA:7,1
LF:5
LH:5
BRDA:6,0,0,0
BRDA:6,0,1,1
BRF:2
BRH:1
end_of_record
TN:
SF:src/domain/transactions/approval/TellerApprove.ts
FN:4,(anonymous_0)
FN:8,(anonymous_1)
FNF:2
FNH:2
FNDA:2,(anonymous_0)
FNDA:1,(anonymous_1)
DA:1,1
DA:3,1
DA:4,2
DA:5,2
DA:9,1
DA:10,1
DA:11,1
LF:7
LH:7
BRDA:4,0,0,0
BRDA:10,1,0,0
BRDA:10,1,1,1
BRDA:10,2,0,1
BRDA:10,2,1,0
BRF:5
BRH:2
end_of_record
TN:
SF:src/infrastructure/auth/hash.ts
FN:3,sha256
FNF:1
FNH:0
FNDA:0,sha256
DA:1,0
DA:3,0
DA:4,0
LF:3
LH:0
BRF:0
BRH:0
end_of_record
TN:
SF:src/infrastructure/auth/jwt.ts
FN:9,signAccessToken
FN:13,signRefreshToken
FN:17,verifyToken
FNF:3
FNH:0
FNDA:0,signAccessToken
FNDA:0,signRefreshToken
FNDA:0,verifyToken
DA:1,0
DA:3,0
DA:4,0
DA:5,0
DA:9,0
DA:10,0
DA:13,0
DA:14,0
DA:17,0
DA:18,0
LF:10
LH:0
BRDA:3,0,0,0
BRDA:3,0,1,0
BRDA:4,1,0,0
BRDA:4,1,1,0
BRDA:5,2,0,0
BRDA:5,2,1,0
BRF:6
BRH:0
end_of_record
TN:
SF:src/infrastructure/scheduler/scheduled-runner.ts
FN:10,nextDate
FN:18,startScheduledRunner
FN:19,(anonymous_3)
FNF:3
FNH:0
FNDA:0,nextDate
FNDA:0,startScheduledRunner
FNDA:0,(anonymous_3)
DA:1,0
DA:2,0
DA:3,0
DA:4,0
DA:5,0
DA:6,0
DA:8,0
DA:11,0
DA:12,0
DA:13,0
DA:14,0
DA:15,0
DA:18,0
DA:19,0
DA:20,0
DA:24,0
DA:25,0
DA:26,0
DA:34,0
DA:39,0
LF:20
LH:0
BRDA:12,0,0,0
BRDA:12,0,1,0
BRDA:13,1,0,0
BRDA:13,1,1,0
BRDA:14,2,0,0
BRDA:14,2,1,0
BRDA:29,3,0,0
BRDA:29,3,1,0
BRDA:30,4,0,0
BRDA:30,4,1,0
BRF:10
BRH:0
end_of_record
TN:
SF:src/repositories/account.repo.ts
FN:12,(anonymous_1)
FN:22,(anonymous_2)
FN:32,(anonymous_3)
FN:40,(anonymous_4)
FN:57,(anonymous_5)
FN:62,(anonymous_6)
FN:75,(anonymous_7)
FN:82,(anonymous_8)
FN:89,(anonymous_9)
FN:95,(anonymous_10)
FN:99,(anonymous_11)
FN:108,(anonymous_12)
FN:132,(anonymous_13)
FN:141,(anonymous_14)
FN:151,(anonymous_15)
FN:164,(anonymous_16)
FNF:16
FNH:0
FNDA:0,(anonymous_1)
FNDA:0,(anonymous_2)
FNDA:0,(anonymous_3)
FNDA:0,(anonymous_4)
FNDA:0,(anonymous_5)
FNDA:0,(anonymous_6)
FNDA:0,(anonymous_7)
FNDA:0,(anonymous_8)
FNDA:0,(anonymous_9)
FNDA:0,(anonymous_10)
FNDA:0,(anonymous_11)
FNDA:0,(anonymous_12)
FNDA:0,(anonymous_13)
FNDA:0,(anonymous_14)
FNDA:0,(anonymous_15)
FNDA:0,(anonymous_16)
DA:1,1
DA:2,1
DA:4,1
DA:7,1
DA:8,1
DA:10,1
DA:13,0
DA:17,0
DA:18,0
DA:23,0
DA:27,0
DA:29,0
DA:30,0
DA:32,0
DA:37,0
DA:41,0
DA:43,0
DA:47,0
DA:48,0
DA:51,0
DA:58,0
DA:59,0
DA:63,0
DA:72,0
DA:76,0
DA:83,0
DA:90,0
DA:95,0
DA:96,0
DA:97,0
DA:99,0
DA:104,0
DA:115,0
DA:117,0
DA:118,0
DA:119,0
DA:121,0
DA:122,0
DA:123,0
DA:124,0
DA:127,0
DA:132,0
DA:142,0
DA:146,0
DA:147,0
DA:152,0
DA:153,0
DA:165,0
LF:48
LH:6
BRDA:17,0,0,0
BRDA:17,0,1,0
BRDA:27,1,0,0
BRDA:27,1,1,0
BRDA:30,2,0,0
BRDA:30,2,1,0
BRDA:32,3,0,0
BRDA:32,3,1,0
BRDA:34,4,0,0
BRDA:34,4,1,0
BRDA:47,5,0,0
BRDA:47,5,1,0
BRDA:97,6,0,0
BRDA:97,6,1,0
BRDA:99,7,0,0
BRDA:99,7,1,0
BRDA:101,8,0,0
BRDA:101,8,1,0
BRDA:117,9,0,0
BRDA:117,9,1,0
BRDA:118,10,0,0
BRDA:118,10,1,0
BRDA:119,11,0,0
BRDA:119,11,1,0
BRDA:121,12,0,0
BRDA:121,12,1,0
BRDA:121,13,0,0
BRDA:121,13,1,0
BRDA:123,14,0,0
BRDA:123,14,1,0
BRDA:124,15,0,0
BRDA:124,15,1,0
BRDA:146,16,0,0
BRDA:146,16,1,0
BRDA:155,17,0,0
BRDA:155,17,1,0
BRDA:159,18,0,0
BRDA:159,18,1,0
BRF:38
BRH:0
end_of_record
TN:
SF:src/repositories/admin.repo.ts
FN:4,startOfDay
FN:9,endOfDay
FN:16,(anonymous_3)
FN:83,(anonymous_4)
FN:121,(anonymous_5)
FN:134,(anonymous_6)
FN:158,(anonymous_7)
FN:163,(anonymous_8)
FN:170,(anonymous_9)
FN:192,(anonymous_10)
FNF:10
FNH:0
FNDA:0,startOfDay
FNDA:0,endOfDay
FNDA:0,(anonymous_3)
FNDA:0,(anonymous_4)
FNDA:0,(anonymous_5)
FNDA:0,(anonymous_6)
FNDA:0,(anonymous_7)
FNDA:0,(anonymous_8)
FNDA:0,(anonymous_9)
FNDA:0,(anonymous_10)
DA:1,0
DA:5,0
DA:6,0
DA:7,0
DA:10,0
DA:11,0
DA:12,0
DA:15,0
DA:17,0
DA:19,0
DA:20,0
DA:22,0
DA:23,0
DA:25,0
DA:26,0
DA:40,0
DA:65,0
DA:84,0
DA:85,0
DA:87,0
DA:114,0
DA:121,0
DA:135,0
DA:136,0
DA:137,0
DA:138,0
DA:140,0
DA:156,0
DA:158,0
DA:163,0
DA:171,0
DA:172,0
DA:173,0
DA:175,0
DA:176,0
DA:177,0
DA:178,0
DA:181,0
DA:192,0
LF:39
LH:0
BRDA:74,0,0,0
BRDA:74,0,1,0
BRDA:119,1,0,0
BRDA:119,1,1,0
BRDA:136,2,0,0
BRDA:136,2,1,0
BRDA:137,3,0,0
BRDA:137,3,1,0
BRDA:138,4,0,0
BRDA:138,4,1,0
BRDA:161,5,0,0
BRDA:161,5,1,0
BRDA:172,6,0,0
BRDA:172,6,1,0
BRDA:173,7,0,0
BRDA:173,7,1,0
BRDA:175,8,0,0
BRDA:175,8,1,0
BRDA:175,9,0,0
BRDA:175,9,1,0
BRDA:177,10,0,0
BRDA:177,10,1,0
BRDA:178,11,0,0
BRDA:178,11,1,0
BRDA:199,12,0,0
BRDA:199,12,1,0
BRF:26
BRH:0
end_of_record
TN:
SF:src/repositories/emailVerification.repo.ts
FN:4,(anonymous_1)
FN:8,(anonymous_2)
FN:15,(anonymous_3)
FNF:3
FNH:0
FNDA:0,(anonymous_1)
FNDA:0,(anonymous_2)
FNDA:0,(anonymous_3)
DA:1,0
DA:3,0
DA:5,0
DA:9,0
DA:16,0
LF:5
LH:0
BRF:0
BRH:0
end_of_record
TN:
SF:src/repositories/event.repo.ts
FN:4,(anonymous_1)
FN:12,(anonymous_2)
FNF:2
FNH:0
FNDA:0,(anonymous_1)
FNDA:0,(anonymous_2)
DA:1,1
DA:3,1
DA:5,0
DA:13,0
LF:4
LH:2
BRDA:4,0,0,0
BRDA:12,1,0,0
BRDA:14,2,0,0
BRDA:14,2,1,0
BRF:4
BRH:0
end_of_record
TN:
SF:src/repositories/notification.repo.ts
FN:5,(anonymous_1)
FN:25,(anonymous_2)
FN:33,(anonymous_3)
FNF:3
FNH:0
FNDA:0,(anonymous_1)
FNDA:0,(anonymous_2)
FNDA:0,(anonymous_3)
DA:2,0
DA:4,0
DA:13,0
DA:26,0
DA:34,0
LF:5
LH:0
BRDA:20,0,0,0
BRDA:20,0,1,0
BRDA:25,1,0,0
BRF:3
BRH:0
end_of_record
TN:
SF:src/repositories/refreshToken.repo.ts
FN:4,(anonymous_1)
FN:8,(anonymous_2)
FN:15,(anonymous_3)
FNF:3
FNH:0
FNDA:0,(anonymous_1)
FNDA:0,(anonymous_2)
FNDA:0,(anonymous_3)
DA:1,0
DA:3,0
DA:5,0
DA:9,0
DA:16,0
LF:5
LH:0
BRF:0
BRH:0
end_of_record
TN:
SF:src/repositories/scheduledTransaction.repo.ts
FN:5,(anonymous_1)
FN:28,(anonymous_2)
FN:35,(anonymous_3)
FN:42,(anonymous_4)
FN:49,(anonymous_5)
FN:55,(anonymous_6)
FNF:6
FNH:0
FNDA:0,(anonymous_1)
FNDA:0,(anonymous_2)
FNDA:0,(anonymous_3)
FNDA:0,(anonymous_4)
FNDA:0,(anonymous_5)
FNDA:0,(anonymous_6)
DA:1,1
DA:2,1
DA:4,1
DA:14,0
DA:15,0
DA:29,0
DA:36,0
DA:43,0
DA:50,0
DA:56,0
LF:10
LH:3
BRDA:18,0,0,0
BRDA:18,0,1,0
BRDA:19,1,0,0
BRDA:19,1,1,0
BRF:4
BRH:0
end_of_record
TN:
SF:src/repositories/ticket.repo.ts
FN:5,(anonymous_1)
FN:9,(anonymous_2)
FN:13,(anonymous_3)
FN:17,(anonymous_4)
FNF:4
FNH:0
FNDA:0,(anonymous_1)
FNDA:0,(anonymous_2)
FNDA:0,(anonymous_3)
FNDA:0,(anonymous_4)
DA:1,0
DA:4,0
DA:6,0
DA:10,0
DA:14,0
DA:18,0
LF:6
LH:0
BRF:0
BRH:0
end_of_record
TN:
SF:src/repositories/transaction.repo.ts
FN:5,(anonymous_1)
FN:14,(anonymous_2)
FN:32,(anonymous_3)
FNF:3
FNH:0
FNDA:0,(anonymous_1)
FNDA:0,(anonymous_2)
FNDA:0,(anonymous_3)
DA:1,1
DA:4,1
DA:14,0
DA:15,0
DA:16,0
DA:18,0
DA:19,0
DA:22,0
DA:33,0
LF:9
LH:2
BRDA:15,0,0,0
BRDA:15,0,1,0
BRDA:15,1,0,0
BRDA:15,1,1,0
BRDA:18,2,0,0
BRDA:18,2,1,0
BRDA:18,3,0,0
BRDA:18,3,1,0
BRDA:26,4,0,0
BRDA:26,4,1,0
BRF:10
BRH:0
end_of_record
TN:
SF:src/repositories/user.repo.ts
FN:5,(anonymous_1)
FN:9,(anonymous_2)
FN:13,(anonymous_3)
FN:17,(anonymous_4)
FN:21,(anonymous_5)
FNF:5
FNH:0
FNDA:0,(anonymous_1)
FNDA:0,(anonymous_2)
FNDA:0,(anonymous_3)
FNDA:0,(anonymous_4)
FNDA:0,(anonymous_5)
DA:1,0
DA:4,0
DA:6,0
DA:10,0
DA:14,0
DA:18,0
DA:22,0
LF:7
LH:0
BRF:0
BRH:0
end_of_record
TN:
SF:src/types/jsonwebtoken.d.ts
FNF:0
FNH:0
LF:0
LH:0
BRF:0
BRH:0
end_of_record
